<?xml version="1.0" encoding="UTF-8"?>
<testsuite name="test_register_project_tests.TestTransferRequestTest-20260422154814" tests="5" file="test_register_project_tests.py" time="0.194" timestamp="2026-04-22T15:48:14" failures="0" errors="0" skipped="0">
	<testcase classname="test_register_project_tests.TestTransferRequestTest" name="test_duplicated_project_test" time="0.015" timestamp="2026-04-22T15:48:14"/>
	<testcase classname="test_register_project_tests.TestTransferRequestTest" name="test_parametrized_cases_tests" time="0.162" timestamp="2026-04-22T15:48:14"/>
	<testcase classname="test_register_project_tests.TestTransferRequestTest" name="test_transfer_for_today" time="0.006" timestamp="2026-04-22T15:48:14"/>
	<testcase classname="test_register_project_tests.TestTransferRequestTest" name="test_transfer_for_tomorrow" time="0.006" timestamp="2026-04-22T15:48:14"/>
	<testcase classname="test_register_project_tests.TestTransferRequestTest" name="test_transfer_yesterday_test" time="0.006" timestamp="2026-04-22T15:48:14"/>
</testsuite>
