<?xml version="1.0" encoding="UTF-8"?>
<testsuite name="test_documents_repor_tests.TestTransferRequestTest-20260422154814" tests="3" file="test_documents_repor_tests.py" time="0.079" timestamp="2026-04-22T15:48:14" failures="0" errors="0" skipped="0">
	<testcase classname="test_documents_repor_tests.TestTransferRequestTest" name="test_file_wrong_date" time="0.056" timestamp="2026-04-22T15:48:14"/>
	<testcase classname="test_documents_repor_tests.TestTransferRequestTest" name="test_report_not_found" time="0.015" timestamp="2026-04-22T15:48:14"/>
	<testcase classname="test_documents_repor_tests.TestTransferRequestTest" name="test_valid_date" time="0.008" timestamp="2026-04-22T15:48:14"/>
</testsuite>
