<?xml version="1.0" encoding="UTF-8"?>
<testsuite name="test_register_project_tests.TestTransferRequestTest-20260422154813" tests="5" file="test_register_project_tests.py" time="0.183" timestamp="2026-04-22T15:48:14" failures="0" errors="0" skipped="0">
	<testcase classname="test_register_project_tests.TestTransferRequestTest" name="test_duplicated_project_test" time="0.004" timestamp="2026-04-22T15:48:13"/>
	<testcase classname="test_register_project_tests.TestTransferRequestTest" name="test_parametrized_cases_tests" time="0.164" timestamp="2026-04-22T15:48:13"/>
	<testcase classname="test_register_project_tests.TestTransferRequestTest" name="test_transfer_for_today" time="0.008" timestamp="2026-04-22T15:48:14"/>
	<testcase classname="test_register_project_tests.TestTransferRequestTest" name="test_transfer_for_tomorrow" time="0.004" timestamp="2026-04-22T15:48:14"/>
	<testcase classname="test_register_project_tests.TestTransferRequestTest" name="test_transfer_yesterday_test" time="0.003" timestamp="2026-04-22T15:48:14"/>
</testsuite>
